<?xml version="1.0" encoding="UTF-8"?>
<!-- Generated by org.testng.reporters.JUnitXMLReporter -->
<testsuite ignored="0" hostname="Avinash-Patil" failures="0" tests="5" name="Test" time="69.853" errors="0" timestamp="2023-08-10T11:58:44 IST">
  <testcase classname="testPackage.ValidLoginTestCase" name="validLoginMethod" time="0.799"/>
  <testcase classname="testPackage.ValidLoginTestCase" name="invalidLoginMethod" time="9.655"/>
  <testcase classname="testPackage.CreateUserTestCase" name="createUserMethod" time="10.84"/>
  <testcase classname="testPackage.CreateCustProjectTestCase" name="createCustomerProject" time="9.727"/>
  <testcase classname="testPackage.CreateTaskTestCase" name="createTaskMethod" time="15.118"/>
</testsuite> <!-- Test -->
