<?xml version="1.0" encoding="UTF-8"?>
<testng-results ignored="0" total="1" passed="1" failed="0" skipped="0">
  <reporter-output>
    <line>
      <![CDATA[on start Test!!]]>
    </line>
    <line>
      <![CDATA[Test start!!]]>
    </line>
    <line>
      <![CDATA[Test successfull!!]]>
    </line>
  </reporter-output>
  <suite started-at="2023-08-02T00:47:09 IST" name="Default suite" finished-at="2023-08-02T00:47:33 IST" duration-ms="24552">
    <groups>
    </groups>
    <test started-at="2023-08-02T00:47:09 IST" name="Default test" finished-at="2023-08-02T00:47:33 IST" duration-ms="24552">
      <class name="testPackage.CreateUserTestCase">
        <test-method is-config="true" signature="setUp()[pri:0, instance:testPackage.CreateUserTestCase@5c6648b0]" started-at="2023-08-02T00:47:09 IST" name="setUp" finished-at="2023-08-02T00:47:17 IST" duration-ms="7683" status="PASS">
          <reporter-output>
          </reporter-output>
        </test-method> <!-- setUp -->
        <test-method signature="createUserMethod()[pri:0, instance:testPackage.CreateUserTestCase@5c6648b0]" started-at="2023-08-02T00:47:17 IST" name="createUserMethod" finished-at="2023-08-02T00:47:32 IST" duration-ms="15255" status="PASS">
          <reporter-output>
            <line>
              <![CDATA[Test start!!]]>
            </line>
            <line>
              <![CDATA[Test successfull!!]]>
            </line>
          </reporter-output>
        </test-method> <!-- createUserMethod -->
        <test-method is-config="true" signature="tearDown()[pri:0, instance:testPackage.CreateUserTestCase@5c6648b0]" started-at="2023-08-02T00:47:32 IST" name="tearDown" finished-at="2023-08-02T00:47:33 IST" duration-ms="1357" status="PASS">
          <reporter-output>
          </reporter-output>
        </test-method> <!-- tearDown -->
      </class> <!-- testPackage.CreateUserTestCase -->
    </test> <!-- Default test -->
  </suite> <!-- Default suite -->
</testng-results>
