<?xml version="1.0" encoding="UTF-8"?>
<testng-results ignored="0" total="2" passed="2" failed="0" skipped="0">
  <reporter-output>
  </reporter-output>
  <suite started-at="2023-07-20T11:32:30 IST" name="Suite" finished-at="2023-07-20T11:33:06 IST" duration-ms="35766">
    <groups>
    </groups>
    <test started-at="2023-07-20T11:32:30 IST" name="ChromeTest" finished-at="2023-07-20T11:32:40 IST" duration-ms="9966">
      <class name="testNGExecution.SelectBrowser">
        <test-method signature="testMethod(java.lang.String,java.lang.String,java.lang.String,java.lang.String)[pri:0, instance:testNGExecution.SelectBrowser@6c64cb25]" started-at="2023-07-20T11:32:30 IST" name="testMethod" finished-at="2023-07-20T11:32:40 IST" duration-ms="9728" status="PASS">
          <params>
            <param index="0">
              <value>
                <![CDATA[chrome]]>
              </value>
            </param>
            <param index="1">
              <value>
                <![CDATA[http://desktop-gb4g7vd/login.do]]>
              </value>
            </param>
            <param index="2">
              <value>
                <![CDATA[admin]]>
              </value>
            </param>
            <param index="3">
              <value>
                <![CDATA[manager]]>
              </value>
            </param>
          </params>
          <reporter-output>
          </reporter-output>
        </test-method> <!-- testMethod -->
      </class> <!-- testNGExecution.SelectBrowser -->
    </test> <!-- ChromeTest -->
    <test started-at="2023-07-20T11:32:40 IST" name="FirefoxTest" finished-at="2023-07-20T11:33:06 IST" duration-ms="25515">
      <class name="testNGExecution.SelectBrowser">
        <test-method signature="testMethod(java.lang.String,java.lang.String,java.lang.String,java.lang.String)[pri:0, instance:testNGExecution.SelectBrowser@692f203f]" started-at="2023-07-20T11:32:40 IST" name="testMethod" finished-at="2023-07-20T11:33:06 IST" duration-ms="25462" status="PASS">
          <params>
            <param index="0">
              <value>
                <![CDATA[firefox]]>
              </value>
            </param>
            <param index="1">
              <value>
                <![CDATA[http://desktop-gb4g7vd/login.do]]>
              </value>
            </param>
            <param index="2">
              <value>
                <![CDATA[admin]]>
              </value>
            </param>
            <param index="3">
              <value>
                <![CDATA[manager]]>
              </value>
            </param>
          </params>
          <reporter-output>
          </reporter-output>
        </test-method> <!-- testMethod -->
      </class> <!-- testNGExecution.SelectBrowser -->
    </test> <!-- FirefoxTest -->
  </suite> <!-- Suite -->
</testng-results>
