<?xml version="1.0" encoding="UTF-8"?>
<testng-results ignored="0" total="5" passed="5" failed="0" skipped="0">
  <reporter-output>
  </reporter-output>
  <suite started-at="2023-07-27T15:24:33 IST" name="Default suite" finished-at="2023-07-27T15:25:01 IST" duration-ms="27905">
    <groups>
    </groups>
    <test started-at="2023-07-27T15:24:33 IST" name="Default test" finished-at="2023-07-27T15:25:01 IST" duration-ms="27905">
      <class name="testNGAnnotations_Flags.ActiTimeDataProvider">
        <test-method signature="f(java.lang.String,java.lang.String)[pri:0, instance:testNGAnnotations_Flags.ActiTimeDataProvider@4562e04d]" started-at="2023-07-27T15:24:33 IST" name="f" data-provider="actiTimeData" finished-at="2023-07-27T15:24:42 IST" duration-ms="8849" status="PASS">
          <params>
            <param index="0">
              <value>
                <![CDATA[ad_min]]>
              </value>
            </param>
            <param index="1">
              <value>
                <![CDATA[mana-ger]]>
              </value>
            </param>
          </params>
          <reporter-output>
          </reporter-output>
        </test-method> <!-- f -->
        <test-method signature="f(java.lang.String,java.lang.String)[pri:0, instance:testNGAnnotations_Flags.ActiTimeDataProvider@4562e04d]" started-at="2023-07-27T15:24:42 IST" name="f" data-provider="actiTimeData" finished-at="2023-07-27T15:24:47 IST" duration-ms="4766" status="PASS">
          <params>
            <param index="0">
              <value>
                <![CDATA[manager]]>
              </value>
            </param>
            <param index="1">
              <value>
                <![CDATA[admin]]>
              </value>
            </param>
          </params>
          <reporter-output>
          </reporter-output>
        </test-method> <!-- f -->
        <test-method signature="f(java.lang.String,java.lang.String)[pri:0, instance:testNGAnnotations_Flags.ActiTimeDataProvider@4562e04d]" started-at="2023-07-27T15:24:47 IST" name="f" data-provider="actiTimeData" finished-at="2023-07-27T15:24:51 IST" duration-ms="4322" status="PASS">
          <params>
            <param index="0">
              <value>
                <![CDATA[@admin]]>
              </value>
            </param>
            <param index="1">
              <value>
                <![CDATA[@manager]]>
              </value>
            </param>
          </params>
          <reporter-output>
          </reporter-output>
        </test-method> <!-- f -->
        <test-method signature="f(java.lang.String,java.lang.String)[pri:0, instance:testNGAnnotations_Flags.ActiTimeDataProvider@4562e04d]" started-at="2023-07-27T15:24:51 IST" name="f" data-provider="actiTimeData" finished-at="2023-07-27T15:24:55 IST" duration-ms="4305" status="PASS">
          <params>
            <param index="0">
              <value>
                <![CDATA[ad123]]>
              </value>
            </param>
            <param index="1">
              <value>
                <![CDATA[man456]]>
              </value>
            </param>
          </params>
          <reporter-output>
          </reporter-output>
        </test-method> <!-- f -->
        <test-method signature="f(java.lang.String,java.lang.String)[pri:0, instance:testNGAnnotations_Flags.ActiTimeDataProvider@4562e04d]" started-at="2023-07-27T15:24:55 IST" name="f" data-provider="actiTimeData" finished-at="2023-07-27T15:25:01 IST" duration-ms="5339" status="PASS">
          <params>
            <param index="0">
              <value>
                <![CDATA[ad_min1]]>
              </value>
            </param>
            <param index="1">
              <value>
                <![CDATA[mana-ger2]]>
              </value>
            </param>
          </params>
          <reporter-output>
          </reporter-output>
        </test-method> <!-- f -->
      </class> <!-- testNGAnnotations_Flags.ActiTimeDataProvider -->
    </test> <!-- Default test -->
  </suite> <!-- Default suite -->
</testng-results>
