<?xml version="1.0" encoding="UTF-8"?>
<!-- Generated by org.testng.reporters.JUnitXMLReporter -->
<testsuite ignored="0" hostname="Avinash-Patil" failures="0" tests="3" name="Default test" time="0.336" errors="0" timestamp="2023-07-31T12:34:34 IST">
  <testcase classname="testNGAnnotations_Flags.Flag4" name="loginMethod" time="0.049"/>
  <testcase classname="testNGAnnotations_Flags.Flag4" name="createUserMethod" time="0.007"/>
  <testcase classname="testNGAnnotations_Flags.Flag4" name="logoutMethod" time="0.012"/>
</testsuite> <!-- Default test -->
