<?xml version="1.0" encoding="UTF-8"?>
<!-- Generated by org.testng.reporters.JUnitXMLReporter -->
<testsuite ignored="0" hostname="Avinash-Patil" failures="0" tests="5" name="Default test" time="27.905" errors="0" timestamp="2023-07-27T15:25:01 IST">
  <testcase classname="testNGAnnotations_Flags.ActiTimeDataProvider" name="f" time="8.849"/>
  <testcase classname="testNGAnnotations_Flags.ActiTimeDataProvider" name="f" time="4.766"/>
  <testcase classname="testNGAnnotations_Flags.ActiTimeDataProvider" name="f" time="4.322"/>
  <testcase classname="testNGAnnotations_Flags.ActiTimeDataProvider" name="f" time="4.305"/>
  <testcase classname="testNGAnnotations_Flags.ActiTimeDataProvider" name="f" time="5.339"/>
</testsuite> <!-- Default test -->
