<?xml version="1.0" encoding="UTF-8"?>
<!-- Generated by org.testng.reporters.JUnitXMLReporter -->
<testsuite ignored="0" hostname="DESKTOP-GB4G7VD" failures="0" tests="6" name="Test" time="0.476" errors="0" timestamp="2023-07-18T15:22:38 IST">
  <testcase classname="testNGExecution.TestMethod3" name="testMEthod5" time="0.051"/>
  <testcase classname="testNGExecution.TestMethod1" name="testMEthod1" time="0.074"/>
  <testcase classname="testNGExecution.TestMethod2" name="testMEthod3" time="0.065"/>
  <testcase classname="testNGExecution.TestMethod1" name="testMEthod2" time="0.01"/>
  <testcase classname="testNGExecution.TestMethod3" name="testMEthod6" time="0.008"/>
  <testcase classname="testNGExecution.TestMethod2" name="testMEthod4" time="0.03"/>
</testsuite> <!-- Test -->
